<?xml version="1.0" encoding="UTF-8"?>
<coverage generated="1751878527731" clover="3.2.0">
  <project timestamp="1751878527731" name="All files">
    <metrics statements="48" coveredstatements="25" conditionals="18" coveredconditionals="5" methods="15" coveredmethods="8" elements="81" coveredelements="38" complexity="0" loc="48" ncloc="48" packages="2" files="4" classes="4"/>
    <package name="http">
      <metrics statements="33" coveredstatements="16" conditionals="8" coveredconditionals="0" methods="11" coveredmethods="7"/>
      <file name="BaseClient.ts" path="C:\Users\kateb\Desktop\Metergram-Repos\BE-E2E-Accelerator\http\BaseClient.ts">
        <metrics statements="15" coveredstatements="8" conditionals="4" coveredconditionals="0" methods="5" coveredmethods="3"/>
        <line num="18" count="1" type="stmt"/>
        <line num="19" count="1" type="stmt"/>
        <line num="20" count="1" type="stmt"/>
        <line num="21" count="1" type="stmt"/>
        <line num="34" count="3" type="stmt"/>
        <line num="35" count="3" type="stmt"/>
        <line num="37" count="0" type="cond" truecount="0" falsecount="2"/>
        <line num="38" count="0" type="cond" truecount="0" falsecount="2"/>
        <line num="39" count="0" type="stmt"/>
        <line num="42" count="0" type="stmt"/>
        <line num="54" count="0" type="stmt"/>
        <line num="60" count="0" type="stmt"/>
        <line num="70" count="3" type="stmt"/>
        <line num="75" count="3" type="stmt"/>
        <line num="85" count="0" type="stmt"/>
      </file>
      <file name="MetergramClient.ts" path="C:\Users\kateb\Desktop\Metergram-Repos\BE-E2E-Accelerator\http\MetergramClient.ts">
        <metrics statements="18" coveredstatements="8" conditionals="4" coveredconditionals="0" methods="6" coveredmethods="4"/>
        <line num="13" count="1" type="stmt"/>
        <line num="16" count="1" type="stmt"/>
        <line num="26" count="1" type="stmt"/>
        <line num="27" count="1" type="stmt"/>
        <line num="28" count="1" type="stmt"/>
        <line num="37" count="1" type="stmt"/>
        <line num="41" count="1" type="stmt"/>
        <line num="45" count="1" type="stmt"/>
        <line num="49" count="0" type="stmt"/>
        <line num="50" count="0" type="stmt"/>
        <line num="52" count="0" type="stmt"/>
        <line num="54" count="0" type="cond" truecount="0" falsecount="2"/>
        <line num="55" count="0" type="stmt"/>
        <line num="56" count="0" type="stmt"/>
        <line num="57" count="0" type="stmt"/>
        <line num="59" count="0" type="stmt"/>
        <line num="62" count="0" type="cond" truecount="0" falsecount="2"/>
        <line num="72" count="0" type="stmt"/>
      </file>
    </package>
    <package name="util">
      <metrics statements="15" coveredstatements="9" conditionals="10" coveredconditionals="5" methods="4" coveredmethods="1"/>
      <file name="Config.ts" path="C:\Users\kateb\Desktop\Metergram-Repos\BE-E2E-Accelerator\util\Config.ts">
        <metrics statements="13" coveredstatements="8" conditionals="10" coveredconditionals="5" methods="3" coveredmethods="1"/>
        <line num="4" count="1" type="stmt"/>
        <line num="18" count="1" type="stmt"/>
        <line num="19" count="1" type="cond" truecount="1" falsecount="1"/>
        <line num="20" count="0" type="stmt"/>
        <line num="23" count="1" type="stmt"/>
        <line num="25" count="0" type="cond" truecount="1" falsecount="1"/>
        <line num="28" count="0" type="cond" truecount="1" falsecount="1"/>
        <line num="32" count="1" type="cond" truecount="1" falsecount="1"/>
        <line num="33" count="0" type="stmt"/>
        <line num="42" count="2" type="stmt"/>
        <line num="44" count="2" type="cond" truecount="1" falsecount="1"/>
        <line num="45" count="0" type="stmt"/>
        <line num="48" count="2" type="stmt"/>
      </file>
      <file name="Errors.ts" path="C:\Users\kateb\Desktop\Metergram-Repos\BE-E2E-Accelerator\util\Errors.ts">
        <metrics statements="2" coveredstatements="1" conditionals="0" coveredconditionals="0" methods="1" coveredmethods="0"/>
        <line num="10" count="1" type="stmt"/>
        <line num="12" count="0" type="stmt"/>
      </file>
    </package>
  </project>
</coverage>
