{"C:\\Users\\kateb\\Desktop\\Metergram-Repos\\BE-E2E-Accelerator\\http\\BaseClient.ts": {"path":"C:\\Users\\kateb\\Desktop\\Metergram-Repos\\BE-E2E-Accelerator\\http\\BaseClient.ts","statementMap":{"0":{"start":{"line":18,"column":23},"end":{"line":18,"column":34}},"1":{"start":{"line":19,"column":8},"end":{"line":19,"column":42}},"2":{"start":{"line":20,"column":8},"end":{"line":20,"column":37}},"3":{"start":{"line":21,"column":8},"end":{"line":23,"column":11}},"4":{"start":{"line":34,"column":8},"end":{"line":43,"column":9}},"5":{"start":{"line":35,"column":12},"end":{"line":35,"column":62}},"6":{"start":{"line":37,"column":12},"end":{"line":41,"column":13}},"7":{"start":{"line":38,"column":16},"end":{"line":40,"column":17}},"8":{"start":{"line":39,"column":20},"end":{"line":39,"column":42}},"9":{"start":{"line":42,"column":12},"end":{"line":42,"column":24}},"10":{"start":{"line":54,"column":43},"end":{"line":59,"column":9}},"11":{"start":{"line":60,"column":8},"end":{"line":60,"column":51}},"12":{"start":{"line":70,"column":43},"end":{"line":74,"column":9}},"13":{"start":{"line":75,"column":8},"end":{"line":75,"column":51}},"14":{"start":{"line":85,"column":8},"end":{"line":85,"column":45}}},"fnMap":{"0":{"name":"(anonymous_0)","decl":{"start":{"line":17,"column":4},"end":{"line":17,"column":5}},"loc":{"start":{"line":17,"column":18},"end":{"line":24,"column":5}},"line":17},"1":{"name":"(anonymous_1)","decl":{"start":{"line":33,"column":4},"end":{"line":33,"column":5}},"loc":{"start":{"line":33,"column":97},"end":{"line":44,"column":5}},"line":33},"2":{"name":"(anonymous_2)","decl":{"start":{"line":53,"column":4},"end":{"line":53,"column":5}},"loc":{"start":{"line":53,"column":78},"end":{"line":61,"column":5}},"line":53},"3":{"name":"(anonymous_3)","decl":{"start":{"line":69,"column":4},"end":{"line":69,"column":5}},"loc":{"start":{"line":69,"column":66},"end":{"line":76,"column":5}},"line":69},"4":{"name":"(anonymous_4)","decl":{"start":{"line":84,"column":4},"end":{"line":84,"column":5}},"loc":{"start":{"line":84,"column":48},"end":{"line":86,"column":5}},"line":84}},"branchMap":{"0":{"loc":{"start":{"line":37,"column":12},"end":{"line":41,"column":13}},"type":"if","locations":[{"start":{"line":37,"column":12},"end":{"line":41,"column":13}},{"start":{},"end":{}}],"line":37},"1":{"loc":{"start":{"line":38,"column":16},"end":{"line":40,"column":17}},"type":"if","locations":[{"start":{"line":38,"column":16},"end":{"line":40,"column":17}},{"start":{},"end":{}}],"line":38}},"s":{"0":1,"1":1,"2":1,"3":1,"4":3,"5":3,"6":0,"7":0,"8":0,"9":0,"10":0,"11":0,"12":3,"13":3,"14":0},"f":{"0":1,"1":3,"2":0,"3":3,"4":0},"b":{"0":[0,0],"1":[0,0]},"_coverageSchema":"1a1c01bbd47fc00a2c39e90264f33305004495a9","hash":"14180d9fd13a9b96e6d6af7f07d9d41730d71a9e"}
,"C:\\Users\\kateb\\Desktop\\Metergram-Repos\\BE-E2E-Accelerator\\http\\MetergramClient.ts": {"path":"C:\\Users\\kateb\\Desktop\\Metergram-Repos\\BE-E2E-Accelerator\\http\\MetergramClient.ts","statementMap":{"0":{"start":{"line":13,"column":43},"end":{"line":13,"column":55}},"1":{"start":{"line":16,"column":55},"end":{"line":19,"column":5}},"2":{"start":{"line":26,"column":8},"end":{"line":26,"column":16}},"3":{"start":{"line":27,"column":23},"end":{"line":27,"column":34}},"4":{"start":{"line":28,"column":8},"end":{"line":28,"column":42}},"5":{"start":{"line":37,"column":8},"end":{"line":37,"column":42}},"6":{"start":{"line":41,"column":8},"end":{"line":41,"column":35}},"7":{"start":{"line":45,"column":8},"end":{"line":45,"column":80}},"8":{"start":{"line":49,"column":8},"end":{"line":63,"column":9}},"9":{"start":{"line":50,"column":35},"end":{"line":50,"column":93}},"10":{"start":{"line":52,"column":27},"end":{"line":52,"column":60}},"11":{"start":{"line":54,"column":12},"end":{"line":60,"column":13}},"12":{"start":{"line":55,"column":16},"end":{"line":55,"column":36}},"13":{"start":{"line":56,"column":16},"end":{"line":56,"column":67}},"14":{"start":{"line":57,"column":16},"end":{"line":57,"column":72}},"15":{"start":{"line":59,"column":16},"end":{"line":59,"column":73}},"16":{"start":{"line":62,"column":12},"end":{"line":62,"column":81}},"17":{"start":{"line":72,"column":8},"end":{"line":72,"column":82}}},"fnMap":{"0":{"name":"(anonymous_0)","decl":{"start":{"line":25,"column":5},"end":{"line":25,"column":6}},"loc":{"start":{"line":25,"column":19},"end":{"line":29,"column":5}},"line":25},"1":{"name":"(anonymous_1)","decl":{"start":{"line":36,"column":4},"end":{"line":36,"column":5}},"loc":{"start":{"line":36,"column":68},"end":{"line":38,"column":5}},"line":36},"2":{"name":"(anonymous_2)","decl":{"start":{"line":40,"column":4},"end":{"line":40,"column":5}},"loc":{"start":{"line":40,"column":56},"end":{"line":42,"column":5}},"line":40},"3":{"name":"(anonymous_3)","decl":{"start":{"line":44,"column":4},"end":{"line":44,"column":5}},"loc":{"start":{"line":44,"column":108},"end":{"line":46,"column":5}},"line":44},"4":{"name":"(anonymous_4)","decl":{"start":{"line":48,"column":4},"end":{"line":48,"column":5}},"loc":{"start":{"line":48,"column":39},"end":{"line":64,"column":5}},"line":48},"5":{"name":"(anonymous_5)","decl":{"start":{"line":71,"column":4},"end":{"line":71,"column":5}},"loc":{"start":{"line":71,"column":119},"end":{"line":73,"column":5}},"line":71}},"branchMap":{"0":{"loc":{"start":{"line":54,"column":12},"end":{"line":60,"column":13}},"type":"if","locations":[{"start":{"line":54,"column":12},"end":{"line":60,"column":13}},{"start":{"line":58,"column":19},"end":{"line":60,"column":13}}],"line":54},"1":{"loc":{"start":{"line":62,"column":57},"end":{"line":62,"column":79}},"type":"binary-expr","locations":[{"start":{"line":62,"column":57},"end":{"line":62,"column":70}},{"start":{"line":62,"column":74},"end":{"line":62,"column":79}}],"line":62}},"s":{"0":1,"1":1,"2":1,"3":1,"4":1,"5":1,"6":1,"7":1,"8":0,"9":0,"10":0,"11":0,"12":0,"13":0,"14":0,"15":0,"16":0,"17":0},"f":{"0":1,"1":1,"2":1,"3":1,"4":0,"5":0},"b":{"0":[0,0],"1":[0,0]},"_coverageSchema":"1a1c01bbd47fc00a2c39e90264f33305004495a9","hash":"da8422e5967ad27f8e594ca0ac1e76aa028dbb7f"}
,"C:\\Users\\kateb\\Desktop\\Metergram-Repos\\BE-E2E-Accelerator\\util\\Config.ts": {"path":"C:\\Users\\kateb\\Desktop\\Metergram-Repos\\BE-E2E-Accelerator\\util\\Config.ts","statementMap":{"0":{"start":{"line":4,"column":0},"end":{"line":4,"column":16}},"1":{"start":{"line":18,"column":12},"end":{"line":18,"column":35}},"2":{"start":{"line":19,"column":0},"end":{"line":21,"column":1}},"3":{"start":{"line":20,"column":4},"end":{"line":20,"column":42}},"4":{"start":{"line":23,"column":43},"end":{"line":30,"column":1}},"5":{"start":{"line":25,"column":57},"end":{"line":25,"column":103}},"6":{"start":{"line":28,"column":57},"end":{"line":28,"column":103}},"7":{"start":{"line":32,"column":0},"end":{"line":34,"column":1}},"8":{"start":{"line":33,"column":4},"end":{"line":33,"column":50}},"9":{"start":{"line":42,"column":19},"end":{"line":42,"column":31}},"10":{"start":{"line":44,"column":4},"end":{"line":46,"column":5}},"11":{"start":{"line":45,"column":8},"end":{"line":45,"column":54}},"12":{"start":{"line":48,"column":4},"end":{"line":48,"column":18}}},"fnMap":{"0":{"name":"(anonymous_0)","decl":{"start":{"line":25,"column":49},"end":{"line":25,"column":50}},"loc":{"start":{"line":25,"column":55},"end":{"line":25,"column":105}},"line":25},"1":{"name":"(anonymous_1)","decl":{"start":{"line":28,"column":49},"end":{"line":28,"column":50}},"loc":{"start":{"line":28,"column":55},"end":{"line":28,"column":105}},"line":28},"2":{"name":"getConfig","decl":{"start":{"line":41,"column":16},"end":{"line":41,"column":25}},"loc":{"start":{"line":41,"column":36},"end":{"line":49,"column":1}},"line":41}},"branchMap":{"0":{"loc":{"start":{"line":19,"column":0},"end":{"line":21,"column":1}},"type":"if","locations":[{"start":{"line":19,"column":0},"end":{"line":21,"column":1}},{"start":{},"end":{}}],"line":19},"1":{"loc":{"start":{"line":25,"column":21},"end":{"line":25,"column":108}},"type":"binary-expr","locations":[{"start":{"line":25,"column":21},"end":{"line":25,"column":44}},{"start":{"line":25,"column":48},"end":{"line":25,"column":108}}],"line":25},"2":{"loc":{"start":{"line":28,"column":21},"end":{"line":28,"column":108}},"type":"binary-expr","locations":[{"start":{"line":28,"column":21},"end":{"line":28,"column":44}},{"start":{"line":28,"column":48},"end":{"line":28,"column":108}}],"line":28},"3":{"loc":{"start":{"line":32,"column":0},"end":{"line":34,"column":1}},"type":"if","locations":[{"start":{"line":32,"column":0},"end":{"line":34,"column":1}},{"start":{},"end":{}}],"line":32},"4":{"loc":{"start":{"line":44,"column":4},"end":{"line":46,"column":5}},"type":"if","locations":[{"start":{"line":44,"column":4},"end":{"line":46,"column":5}},{"start":{},"end":{}}],"line":44}},"s":{"0":1,"1":1,"2":1,"3":0,"4":1,"5":0,"6":0,"7":1,"8":0,"9":2,"10":2,"11":0,"12":2},"f":{"0":0,"1":0,"2":2},"b":{"0":[0,1],"1":[1,0],"2":[1,0],"3":[0,1],"4":[0,2]},"_coverageSchema":"1a1c01bbd47fc00a2c39e90264f33305004495a9","hash":"fc4ff19a44373c03fddd040f969d6f1e9901d662"}
,"C:\\Users\\kateb\\Desktop\\Metergram-Repos\\BE-E2E-Accelerator\\util\\Errors.ts": {"path":"C:\\Users\\kateb\\Desktop\\Metergram-Repos\\BE-E2E-Accelerator\\util\\Errors.ts","statementMap":{"0":{"start":{"line":10,"column":22},"end":{"line":14,"column":1}},"1":{"start":{"line":12,"column":39},"end":{"line":12,"column":87}}},"fnMap":{"0":{"name":"(anonymous_0)","decl":{"start":{"line":12,"column":22},"end":{"line":12,"column":23}},"loc":{"start":{"line":12,"column":39},"end":{"line":12,"column":87}},"line":12}},"branchMap":{},"s":{"0":1,"1":0},"f":{"0":0},"b":{},"_coverageSchema":"1a1c01bbd47fc00a2c39e90264f33305004495a9","hash":"1cabeb9acf344ca629a48dc0e9d2955538c5fe1b"}
}
