{"C:\\Users\\kateb\\Desktop\\Metergram-Repos\\BE-E2E-Accelerator\\http\\AuthClient.ts": {"path":"C:\\Users\\kateb\\Desktop\\Metergram-Repos\\BE-E2E-Accelerator\\http\\AuthClient.ts","statementMap":{"0":{"start":{"line":8,"column":43},"end":{"line":8,"column":55}},"1":{"start":{"line":11,"column":55},"end":{"line":14,"column":5}},"2":{"start":{"line":17,"column":8},"end":{"line":17,"column":30}},"3":{"start":{"line":23,"column":8},"end":{"line":23,"column":84}},"4":{"start":{"line":27,"column":8},"end":{"line":41,"column":9}},"5":{"start":{"line":28,"column":35},"end":{"line":28,"column":93}},"6":{"start":{"line":29,"column":27},"end":{"line":29,"column":60}},"7":{"start":{"line":31,"column":12},"end":{"line":38,"column":13}},"8":{"start":{"line":32,"column":16},"end":{"line":32,"column":36}},"9":{"start":{"line":33,"column":16},"end":{"line":33,"column":74}},"10":{"start":{"line":34,"column":16},"end":{"line":34,"column":79}},"11":{"start":{"line":37,"column":16},"end":{"line":37,"column":73}},"12":{"start":{"line":40,"column":12},"end":{"line":40,"column":81}}},"fnMap":{"0":{"name":"(anonymous_0)","decl":{"start":{"line":16,"column":4},"end":{"line":16,"column":5}},"loc":{"start":{"line":16,"column":37},"end":{"line":18,"column":5}},"line":16},"1":{"name":"(anonymous_1)","decl":{"start":{"line":20,"column":4},"end":{"line":20,"column":5}},"loc":{"start":{"line":20,"column":119},"end":{"line":24,"column":5}},"line":20},"2":{"name":"(anonymous_2)","decl":{"start":{"line":26,"column":4},"end":{"line":26,"column":5}},"loc":{"start":{"line":26,"column":17},"end":{"line":42,"column":5}},"line":26}},"branchMap":{"0":{"loc":{"start":{"line":31,"column":12},"end":{"line":38,"column":13}},"type":"if","locations":[{"start":{"line":31,"column":12},"end":{"line":38,"column":13}},{"start":{"line":36,"column":19},"end":{"line":38,"column":13}}],"line":31},"1":{"loc":{"start":{"line":40,"column":57},"end":{"line":40,"column":79}},"type":"binary-expr","locations":[{"start":{"line":40,"column":57},"end":{"line":40,"column":70}},{"start":{"line":40,"column":74},"end":{"line":40,"column":79}}],"line":40}},"s":{"0":2,"1":2,"2":2,"3":2,"4":2,"5":2,"6":2,"7":2,"8":2,"9":2,"10":2,"11":0,"12":0},"f":{"0":2,"1":2,"2":2},"b":{"0":[2,0],"1":[0,0]},"_coverageSchema":"1a1c01bbd47fc00a2c39e90264f33305004495a9","hash":"27edfab2fc324b4551b166f7c65b82369b6fe516"}
,"C:\\Users\\kateb\\Desktop\\Metergram-Repos\\BE-E2E-Accelerator\\http\\BaseClient.ts": {"path":"C:\\Users\\kateb\\Desktop\\Metergram-Repos\\BE-E2E-Accelerator\\http\\BaseClient.ts","statementMap":{"0":{"start":{"line":18,"column":23},"end":{"line":18,"column":34}},"1":{"start":{"line":19,"column":8},"end":{"line":19,"column":42}},"2":{"start":{"line":20,"column":8},"end":{"line":20,"column":37}},"3":{"start":{"line":21,"column":8},"end":{"line":23,"column":11}},"4":{"start":{"line":34,"column":8},"end":{"line":43,"column":9}},"5":{"start":{"line":35,"column":12},"end":{"line":35,"column":62}},"6":{"start":{"line":37,"column":12},"end":{"line":41,"column":13}},"7":{"start":{"line":38,"column":16},"end":{"line":40,"column":17}},"8":{"start":{"line":39,"column":20},"end":{"line":39,"column":42}},"9":{"start":{"line":42,"column":12},"end":{"line":42,"column":24}},"10":{"start":{"line":54,"column":43},"end":{"line":59,"column":9}},"11":{"start":{"line":60,"column":8},"end":{"line":60,"column":51}},"12":{"start":{"line":70,"column":43},"end":{"line":74,"column":9}},"13":{"start":{"line":75,"column":8},"end":{"line":75,"column":51}},"14":{"start":{"line":79,"column":43},"end":{"line":84,"column":9}},"15":{"start":{"line":85,"column":8},"end":{"line":85,"column":51}},"16":{"start":{"line":89,"column":43},"end":{"line":94,"column":9}},"17":{"start":{"line":95,"column":8},"end":{"line":95,"column":51}},"18":{"start":{"line":99,"column":43},"end":{"line":103,"column":9}},"19":{"start":{"line":104,"column":8},"end":{"line":104,"column":51}},"20":{"start":{"line":114,"column":8},"end":{"line":114,"column":45}}},"fnMap":{"0":{"name":"(anonymous_0)","decl":{"start":{"line":17,"column":4},"end":{"line":17,"column":5}},"loc":{"start":{"line":17,"column":18},"end":{"line":24,"column":5}},"line":17},"1":{"name":"(anonymous_1)","decl":{"start":{"line":33,"column":4},"end":{"line":33,"column":5}},"loc":{"start":{"line":33,"column":97},"end":{"line":44,"column":5}},"line":33},"2":{"name":"(anonymous_2)","decl":{"start":{"line":53,"column":4},"end":{"line":53,"column":5}},"loc":{"start":{"line":53,"column":78},"end":{"line":61,"column":5}},"line":53},"3":{"name":"(anonymous_3)","decl":{"start":{"line":69,"column":4},"end":{"line":69,"column":5}},"loc":{"start":{"line":69,"column":66},"end":{"line":76,"column":5}},"line":69},"4":{"name":"(anonymous_4)","decl":{"start":{"line":78,"column":4},"end":{"line":78,"column":5}},"loc":{"start":{"line":78,"column":79},"end":{"line":86,"column":5}},"line":78},"5":{"name":"(anonymous_5)","decl":{"start":{"line":88,"column":4},"end":{"line":88,"column":5}},"loc":{"start":{"line":88,"column":77},"end":{"line":96,"column":5}},"line":88},"6":{"name":"(anonymous_6)","decl":{"start":{"line":98,"column":4},"end":{"line":98,"column":5}},"loc":{"start":{"line":98,"column":69},"end":{"line":105,"column":5}},"line":98},"7":{"name":"(anonymous_7)","decl":{"start":{"line":113,"column":4},"end":{"line":113,"column":5}},"loc":{"start":{"line":113,"column":48},"end":{"line":115,"column":5}},"line":113}},"branchMap":{"0":{"loc":{"start":{"line":37,"column":12},"end":{"line":41,"column":13}},"type":"if","locations":[{"start":{"line":37,"column":12},"end":{"line":41,"column":13}},{"start":{},"end":{}}],"line":37},"1":{"loc":{"start":{"line":38,"column":16},"end":{"line":40,"column":17}},"type":"if","locations":[{"start":{"line":38,"column":16},"end":{"line":40,"column":17}},{"start":{},"end":{}}],"line":38}},"s":{"0":2,"1":2,"2":2,"3":2,"4":29,"5":29,"6":4,"7":4,"8":4,"9":0,"10":8,"11":8,"12":12,"13":12,"14":4,"15":4,"16":2,"17":2,"18":3,"19":3,"20":4},"f":{"0":2,"1":29,"2":8,"3":12,"4":4,"5":2,"6":3,"7":4},"b":{"0":[4,0],"1":[4,0]},"_coverageSchema":"1a1c01bbd47fc00a2c39e90264f33305004495a9","hash":"37ce97979418e1d68c2168a4058ff4d5cae3b20c"}
,"C:\\Users\\kateb\\Desktop\\Metergram-Repos\\BE-E2E-Accelerator\\http\\MetergramClient.ts": {"path":"C:\\Users\\kateb\\Desktop\\Metergram-Repos\\BE-E2E-Accelerator\\http\\MetergramClient.ts","statementMap":{"0":{"start":{"line":19,"column":23},"end":{"line":19,"column":34}},"1":{"start":{"line":20,"column":8},"end":{"line":20,"column":39}},"2":{"start":{"line":21,"column":8},"end":{"line":21,"column":62}},"3":{"start":{"line":22,"column":8},"end":{"line":22,"column":54}},"4":{"start":{"line":23,"column":8},"end":{"line":23,"column":56}}},"fnMap":{"0":{"name":"(anonymous_0)","decl":{"start":{"line":18,"column":5},"end":{"line":18,"column":6}},"loc":{"start":{"line":18,"column":19},"end":{"line":24,"column":5}},"line":18}},"branchMap":{},"s":{"0":2,"1":2,"2":2,"3":2,"4":2},"f":{"0":2},"b":{},"_coverageSchema":"1a1c01bbd47fc00a2c39e90264f33305004495a9","hash":"4e3c4a8a2fbaed06d0eb2eaf878b50aeda35d6fb"}
,"C:\\Users\\kateb\\Desktop\\Metergram-Repos\\BE-E2E-Accelerator\\http\\ProductService.ts": {"path":"C:\\Users\\kateb\\Desktop\\Metergram-Repos\\BE-E2E-Accelerator\\http\\ProductService.ts","statementMap":{"0":{"start":{"line":15,"column":8},"end":{"line":15,"column":32}},"1":{"start":{"line":21,"column":8},"end":{"line":21,"column":30}},"2":{"start":{"line":25,"column":23},"end":{"line":25,"column":49}},"3":{"start":{"line":26,"column":8},"end":{"line":26,"column":38}},"4":{"start":{"line":30,"column":8},"end":{"line":30,"column":43}},"5":{"start":{"line":38,"column":8},"end":{"line":38,"column":49}},"6":{"start":{"line":42,"column":8},"end":{"line":42,"column":87}},"7":{"start":{"line":46,"column":8},"end":{"line":46,"column":64}},"8":{"start":{"line":50,"column":8},"end":{"line":50,"column":64}},"9":{"start":{"line":54,"column":8},"end":{"line":60,"column":9}},"10":{"start":{"line":55,"column":12},"end":{"line":55,"column":60}},"11":{"start":{"line":56,"column":15},"end":{"line":60,"column":9}},"12":{"start":{"line":57,"column":12},"end":{"line":57,"column":67}},"13":{"start":{"line":59,"column":12},"end":{"line":59,"column":57}},"14":{"start":{"line":64,"column":8},"end":{"line":70,"column":9}},"15":{"start":{"line":65,"column":12},"end":{"line":65,"column":64}},"16":{"start":{"line":66,"column":15},"end":{"line":70,"column":9}},"17":{"start":{"line":67,"column":12},"end":{"line":67,"column":71}},"18":{"start":{"line":69,"column":12},"end":{"line":69,"column":57}},"19":{"start":{"line":74,"column":8},"end":{"line":80,"column":9}},"20":{"start":{"line":75,"column":12},"end":{"line":75,"column":62}},"21":{"start":{"line":76,"column":15},"end":{"line":80,"column":9}},"22":{"start":{"line":77,"column":12},"end":{"line":77,"column":71}},"23":{"start":{"line":79,"column":12},"end":{"line":79,"column":57}},"24":{"start":{"line":84,"column":8},"end":{"line":84,"column":54}},"25":{"start":{"line":88,"column":8},"end":{"line":88,"column":63}}},"fnMap":{"0":{"name":"(anonymous_0)","decl":{"start":{"line":14,"column":4},"end":{"line":14,"column":5}},"loc":{"start":{"line":14,"column":31},"end":{"line":16,"column":5}},"line":14},"1":{"name":"(anonymous_1)","decl":{"start":{"line":20,"column":4},"end":{"line":20,"column":5}},"loc":{"start":{"line":20,"column":37},"end":{"line":22,"column":5}},"line":20},"2":{"name":"(anonymous_2)","decl":{"start":{"line":24,"column":4},"end":{"line":24,"column":5}},"loc":{"start":{"line":24,"column":16},"end":{"line":27,"column":5}},"line":24},"3":{"name":"(anonymous_3)","decl":{"start":{"line":29,"column":4},"end":{"line":29,"column":5}},"loc":{"start":{"line":29,"column":65},"end":{"line":31,"column":5}},"line":29},"4":{"name":"(anonymous_4)","decl":{"start":{"line":37,"column":4},"end":{"line":37,"column":5}},"loc":{"start":{"line":37,"column":68},"end":{"line":39,"column":5}},"line":37},"5":{"name":"(anonymous_5)","decl":{"start":{"line":41,"column":4},"end":{"line":41,"column":5}},"loc":{"start":{"line":41,"column":116},"end":{"line":43,"column":5}},"line":41},"6":{"name":"(anonymous_6)","decl":{"start":{"line":45,"column":4},"end":{"line":45,"column":5}},"loc":{"start":{"line":45,"column":90},"end":{"line":47,"column":5}},"line":45},"7":{"name":"(anonymous_7)","decl":{"start":{"line":49,"column":4},"end":{"line":49,"column":5}},"loc":{"start":{"line":49,"column":96},"end":{"line":51,"column":5}},"line":49},"8":{"name":"(anonymous_8)","decl":{"start":{"line":53,"column":4},"end":{"line":53,"column":5}},"loc":{"start":{"line":53,"column":127},"end":{"line":61,"column":5}},"line":53},"9":{"name":"(anonymous_9)","decl":{"start":{"line":63,"column":4},"end":{"line":63,"column":5}},"loc":{"start":{"line":63,"column":150},"end":{"line":71,"column":5}},"line":63},"10":{"name":"(anonymous_10)","decl":{"start":{"line":73,"column":4},"end":{"line":73,"column":5}},"loc":{"start":{"line":73,"column":136},"end":{"line":81,"column":5}},"line":73},"11":{"name":"(anonymous_11)","decl":{"start":{"line":83,"column":4},"end":{"line":83,"column":5}},"loc":{"start":{"line":83,"column":80},"end":{"line":85,"column":5}},"line":83},"12":{"name":"(anonymous_12)","decl":{"start":{"line":87,"column":4},"end":{"line":87,"column":5}},"loc":{"start":{"line":87,"column":59},"end":{"line":89,"column":5}},"line":87}},"branchMap":{"0":{"loc":{"start":{"line":54,"column":8},"end":{"line":60,"column":9}},"type":"if","locations":[{"start":{"line":54,"column":8},"end":{"line":60,"column":9}},{"start":{"line":56,"column":15},"end":{"line":60,"column":9}}],"line":54},"1":{"loc":{"start":{"line":56,"column":15},"end":{"line":60,"column":9}},"type":"if","locations":[{"start":{"line":56,"column":15},"end":{"line":60,"column":9}},{"start":{"line":58,"column":15},"end":{"line":60,"column":9}}],"line":56},"2":{"loc":{"start":{"line":64,"column":8},"end":{"line":70,"column":9}},"type":"if","locations":[{"start":{"line":64,"column":8},"end":{"line":70,"column":9}},{"start":{"line":66,"column":15},"end":{"line":70,"column":9}}],"line":64},"3":{"loc":{"start":{"line":66,"column":15},"end":{"line":70,"column":9}},"type":"if","locations":[{"start":{"line":66,"column":15},"end":{"line":70,"column":9}},{"start":{"line":68,"column":15},"end":{"line":70,"column":9}}],"line":66},"4":{"loc":{"start":{"line":74,"column":8},"end":{"line":80,"column":9}},"type":"if","locations":[{"start":{"line":74,"column":8},"end":{"line":80,"column":9}},{"start":{"line":76,"column":15},"end":{"line":80,"column":9}}],"line":74},"5":{"loc":{"start":{"line":76,"column":15},"end":{"line":80,"column":9}},"type":"if","locations":[{"start":{"line":76,"column":15},"end":{"line":80,"column":9}},{"start":{"line":78,"column":15},"end":{"line":80,"column":9}}],"line":76}},"s":{"0":6,"1":2,"2":2,"3":2,"4":1,"5":3,"6":2,"7":3,"8":1,"9":3,"10":2,"11":1,"12":1,"13":0,"14":3,"15":2,"16":1,"17":1,"18":0,"19":3,"20":2,"21":1,"22":1,"23":0,"24":3,"25":2},"f":{"0":6,"1":2,"2":2,"3":1,"4":3,"5":2,"6":3,"7":1,"8":3,"9":3,"10":3,"11":3,"12":2},"b":{"0":[2,1],"1":[1,0],"2":[2,1],"3":[1,0],"4":[2,1],"5":[1,0]},"_coverageSchema":"1a1c01bbd47fc00a2c39e90264f33305004495a9","hash":"bf2b1407ca7e851eea8118baed2e5d048b1c8295"}
,"C:\\Users\\kateb\\Desktop\\Metergram-Repos\\BE-E2E-Accelerator\\http\\UserService.ts": {"path":"C:\\Users\\kateb\\Desktop\\Metergram-Repos\\BE-E2E-Accelerator\\http\\UserService.ts","statementMap":{"0":{"start":{"line":11,"column":8},"end":{"line":11,"column":30}},"1":{"start":{"line":15,"column":8},"end":{"line":21,"column":9}},"2":{"start":{"line":16,"column":12},"end":{"line":16,"column":57}},"3":{"start":{"line":17,"column":15},"end":{"line":21,"column":9}},"4":{"start":{"line":18,"column":12},"end":{"line":18,"column":64}},"5":{"start":{"line":20,"column":12},"end":{"line":20,"column":57}}},"fnMap":{"0":{"name":"(anonymous_0)","decl":{"start":{"line":10,"column":4},"end":{"line":10,"column":5}},"loc":{"start":{"line":10,"column":37},"end":{"line":12,"column":5}},"line":10},"1":{"name":"(anonymous_1)","decl":{"start":{"line":14,"column":4},"end":{"line":14,"column":5}},"loc":{"start":{"line":14,"column":138},"end":{"line":22,"column":5}},"line":14}},"branchMap":{"0":{"loc":{"start":{"line":15,"column":8},"end":{"line":21,"column":9}},"type":"if","locations":[{"start":{"line":15,"column":8},"end":{"line":21,"column":9}},{"start":{"line":17,"column":15},"end":{"line":21,"column":9}}],"line":15},"1":{"loc":{"start":{"line":17,"column":15},"end":{"line":21,"column":9}},"type":"if","locations":[{"start":{"line":17,"column":15},"end":{"line":21,"column":9}},{"start":{"line":19,"column":15},"end":{"line":21,"column":9}}],"line":17}},"s":{"0":2,"1":3,"2":2,"3":1,"4":1,"5":0},"f":{"0":2,"1":3},"b":{"0":[2,1],"1":[1,0]},"_coverageSchema":"1a1c01bbd47fc00a2c39e90264f33305004495a9","hash":"c5e5c902271171bbe384ec8fa2508be690de96a9"}
,"C:\\Users\\kateb\\Desktop\\Metergram-Repos\\BE-E2E-Accelerator\\model\\post\\PostProductRequestBodyImpl.ts": {"path":"C:\\Users\\kateb\\Desktop\\Metergram-Repos\\BE-E2E-Accelerator\\model\\post\\PostProductRequestBodyImpl.ts","statementMap":{},"fnMap":{"0":{"name":"(anonymous_0)","decl":{"start":{"line":4,"column":4},"end":{"line":4,"column":5}},"loc":{"start":{"line":8,"column":6},"end":{"line":8,"column":8}},"line":8},"1":{"name":"(anonymous_1)","decl":{"start":{"line":12,"column":4},"end":{"line":12,"column":5}},"loc":{"start":{"line":18,"column":6},"end":{"line":18,"column":8}},"line":18},"2":{"name":"(anonymous_2)","decl":{"start":{"line":22,"column":4},"end":{"line":22,"column":5}},"loc":{"start":{"line":27,"column":6},"end":{"line":27,"column":8}},"line":27},"3":{"name":"(anonymous_3)","decl":{"start":{"line":31,"column":4},"end":{"line":31,"column":5}},"loc":{"start":{"line":53,"column":6},"end":{"line":53,"column":8}},"line":53}},"branchMap":{},"s":{},"f":{"0":4,"1":12,"2":4,"3":4},"b":{},"_coverageSchema":"1a1c01bbd47fc00a2c39e90264f33305004495a9","hash":"3055b7f0df31b9a865f7f8e13a4027fb269f4180"}
,"C:\\Users\\kateb\\Desktop\\Metergram-Repos\\BE-E2E-Accelerator\\model\\post\\PostProductRequestBodyInvalidImpl.ts": {"path":"C:\\Users\\kateb\\Desktop\\Metergram-Repos\\BE-E2E-Accelerator\\model\\post\\PostProductRequestBodyInvalidImpl.ts","statementMap":{},"fnMap":{"0":{"name":"(anonymous_0)","decl":{"start":{"line":4,"column":4},"end":{"line":4,"column":5}},"loc":{"start":{"line":8,"column":6},"end":{"line":8,"column":8}},"line":8},"1":{"name":"(anonymous_1)","decl":{"start":{"line":12,"column":4},"end":{"line":12,"column":5}},"loc":{"start":{"line":18,"column":6},"end":{"line":18,"column":8}},"line":18},"2":{"name":"(anonymous_2)","decl":{"start":{"line":22,"column":4},"end":{"line":22,"column":5}},"loc":{"start":{"line":27,"column":6},"end":{"line":27,"column":8}},"line":27},"3":{"name":"(anonymous_3)","decl":{"start":{"line":31,"column":4},"end":{"line":31,"column":5}},"loc":{"start":{"line":53,"column":6},"end":{"line":53,"column":8}},"line":53}},"branchMap":{},"s":{},"f":{"0":2,"1":4,"2":2,"3":2},"b":{},"_coverageSchema":"1a1c01bbd47fc00a2c39e90264f33305004495a9","hash":"546f4db7de351fd1f90d82bab68b667e1b028192"}
,"C:\\Users\\kateb\\Desktop\\Metergram-Repos\\BE-E2E-Accelerator\\model\\post\\PostUserRequestBodyImpl.ts": {"path":"C:\\Users\\kateb\\Desktop\\Metergram-Repos\\BE-E2E-Accelerator\\model\\post\\PostUserRequestBodyImpl.ts","statementMap":{"0":{"start":{"line":9,"column":8},"end":{"line":9,"column":35}},"1":{"start":{"line":10,"column":8},"end":{"line":10,"column":33}},"2":{"start":{"line":11,"column":8},"end":{"line":11,"column":23}}},"fnMap":{"0":{"name":"(anonymous_0)","decl":{"start":{"line":8,"column":4},"end":{"line":8,"column":5}},"loc":{"start":{"line":8,"column":66},"end":{"line":12,"column":5}},"line":8}},"branchMap":{},"s":{"0":4,"1":4,"2":4},"f":{"0":4},"b":{},"_coverageSchema":"1a1c01bbd47fc00a2c39e90264f33305004495a9","hash":"c3a37fa4219bc3112127be0a1469725d34cd7432"}
,"C:\\Users\\kateb\\Desktop\\Metergram-Repos\\BE-E2E-Accelerator\\model\\post\\PostUserRequestBodyInvalid.ts": {"path":"C:\\Users\\kateb\\Desktop\\Metergram-Repos\\BE-E2E-Accelerator\\model\\post\\PostUserRequestBodyInvalid.ts","statementMap":{"0":{"start":{"line":9,"column":8},"end":{"line":9,"column":35}},"1":{"start":{"line":10,"column":8},"end":{"line":10,"column":33}},"2":{"start":{"line":11,"column":8},"end":{"line":11,"column":23}}},"fnMap":{"0":{"name":"(anonymous_0)","decl":{"start":{"line":8,"column":4},"end":{"line":8,"column":5}},"loc":{"start":{"line":8,"column":66},"end":{"line":12,"column":5}},"line":8}},"branchMap":{},"s":{"0":2,"1":2,"2":2},"f":{"0":2},"b":{},"_coverageSchema":"1a1c01bbd47fc00a2c39e90264f33305004495a9","hash":"a5f28810e45792e218e27ed50f26cbd8b5b0445b"}
,"C:\\Users\\kateb\\Desktop\\Metergram-Repos\\BE-E2E-Accelerator\\model\\put\\PutProductRequestBodyImpl.ts": {"path":"C:\\Users\\kateb\\Desktop\\Metergram-Repos\\BE-E2E-Accelerator\\model\\put\\PutProductRequestBodyImpl.ts","statementMap":{},"fnMap":{"0":{"name":"(anonymous_0)","decl":{"start":{"line":4,"column":4},"end":{"line":4,"column":5}},"loc":{"start":{"line":8,"column":6},"end":{"line":8,"column":8}},"line":8},"1":{"name":"(anonymous_1)","decl":{"start":{"line":12,"column":4},"end":{"line":12,"column":5}},"loc":{"start":{"line":18,"column":6},"end":{"line":18,"column":8}},"line":18},"2":{"name":"(anonymous_2)","decl":{"start":{"line":22,"column":4},"end":{"line":22,"column":5}},"loc":{"start":{"line":27,"column":6},"end":{"line":27,"column":8}},"line":27},"3":{"name":"(anonymous_3)","decl":{"start":{"line":31,"column":4},"end":{"line":31,"column":5}},"loc":{"start":{"line":53,"column":6},"end":{"line":53,"column":8}},"line":53}},"branchMap":{},"s":{},"f":{"0":4,"1":12,"2":4,"3":4},"b":{},"_coverageSchema":"1a1c01bbd47fc00a2c39e90264f33305004495a9","hash":"6cef0a81fadab0b54f7d428a189ef19d674fc74a"}
,"C:\\Users\\kateb\\Desktop\\Metergram-Repos\\BE-E2E-Accelerator\\model\\put\\PutProductRequestBodyInvalid.ts": {"path":"C:\\Users\\kateb\\Desktop\\Metergram-Repos\\BE-E2E-Accelerator\\model\\put\\PutProductRequestBodyInvalid.ts","statementMap":{},"fnMap":{"0":{"name":"(anonymous_0)","decl":{"start":{"line":4,"column":4},"end":{"line":4,"column":5}},"loc":{"start":{"line":8,"column":6},"end":{"line":8,"column":8}},"line":8},"1":{"name":"(anonymous_1)","decl":{"start":{"line":12,"column":4},"end":{"line":12,"column":5}},"loc":{"start":{"line":18,"column":6},"end":{"line":18,"column":8}},"line":18},"2":{"name":"(anonymous_2)","decl":{"start":{"line":22,"column":4},"end":{"line":22,"column":5}},"loc":{"start":{"line":27,"column":6},"end":{"line":27,"column":8}},"line":27},"3":{"name":"(anonymous_3)","decl":{"start":{"line":31,"column":4},"end":{"line":31,"column":5}},"loc":{"start":{"line":53,"column":6},"end":{"line":53,"column":8}},"line":53}},"branchMap":{},"s":{},"f":{"0":2,"1":4,"2":2,"3":2},"b":{},"_coverageSchema":"1a1c01bbd47fc00a2c39e90264f33305004495a9","hash":"8ddf1f7755f059032aabfb7ae2341cc7f6fe1085"}
,"C:\\Users\\kateb\\Desktop\\Metergram-Repos\\BE-E2E-Accelerator\\payloads\\ProductPredefinedPayloads.ts": {"path":"C:\\Users\\kateb\\Desktop\\Metergram-Repos\\BE-E2E-Accelerator\\payloads\\ProductPredefinedPayloads.ts","statementMap":{"0":{"start":{"line":29,"column":25},"end":{"line":78,"column":5}},"1":{"start":{"line":80,"column":24},"end":{"line":129,"column":5}},"2":{"start":{"line":131,"column":51},"end":{"line":136,"column":5}},"3":{"start":{"line":139,"column":63},"end":{"line":169,"column":5}},"4":{"start":{"line":171,"column":71},"end":{"line":177,"column":5}},"5":{"start":{"line":179,"column":61},"end":{"line":209,"column":5}},"6":{"start":{"line":211,"column":70},"end":{"line":216,"column":5}},"7":{"start":{"line":218,"column":43},"end":{"line":267,"column":5}},"8":{"start":{"line":269,"column":44},"end":{"line":318,"column":5}}},"fnMap":{},"branchMap":{},"s":{"0":2,"1":2,"2":2,"3":2,"4":2,"5":2,"6":2,"7":2,"8":2},"f":{},"b":{},"_coverageSchema":"1a1c01bbd47fc00a2c39e90264f33305004495a9","hash":"0c4e3a2986f00cf5263dcedd5714654c2ebfbf43"}
,"C:\\Users\\kateb\\Desktop\\Metergram-Repos\\BE-E2E-Accelerator\\payloads\\UserPredefinedPayloads.ts": {"path":"C:\\Users\\kateb\\Desktop\\Metergram-Repos\\BE-E2E-Accelerator\\payloads\\UserPredefinedPayloads.ts","statementMap":{"0":{"start":{"line":5,"column":22},"end":{"line":7,"column":5}},"1":{"start":{"line":9,"column":35},"end":{"line":11,"column":5}},"2":{"start":{"line":13,"column":35},"end":{"line":15,"column":5}}},"fnMap":{},"branchMap":{},"s":{"0":2,"1":2,"2":2},"f":{},"b":{},"_coverageSchema":"1a1c01bbd47fc00a2c39e90264f33305004495a9","hash":"240044dccbc05eee4013a804ba7ee2d2d208d228"}
,"C:\\Users\\kateb\\Desktop\\Metergram-Repos\\BE-E2E-Accelerator\\util\\Config.ts": {"path":"C:\\Users\\kateb\\Desktop\\Metergram-Repos\\BE-E2E-Accelerator\\util\\Config.ts","statementMap":{"0":{"start":{"line":4,"column":0},"end":{"line":4,"column":16}},"1":{"start":{"line":18,"column":12},"end":{"line":18,"column":35}},"2":{"start":{"line":19,"column":0},"end":{"line":21,"column":1}},"3":{"start":{"line":20,"column":4},"end":{"line":20,"column":42}},"4":{"start":{"line":23,"column":43},"end":{"line":30,"column":1}},"5":{"start":{"line":25,"column":57},"end":{"line":25,"column":103}},"6":{"start":{"line":28,"column":57},"end":{"line":28,"column":103}},"7":{"start":{"line":32,"column":0},"end":{"line":34,"column":1}},"8":{"start":{"line":33,"column":4},"end":{"line":33,"column":50}},"9":{"start":{"line":42,"column":19},"end":{"line":42,"column":31}},"10":{"start":{"line":44,"column":4},"end":{"line":46,"column":5}},"11":{"start":{"line":45,"column":8},"end":{"line":45,"column":54}},"12":{"start":{"line":48,"column":4},"end":{"line":48,"column":18}}},"fnMap":{"0":{"name":"(anonymous_0)","decl":{"start":{"line":25,"column":49},"end":{"line":25,"column":50}},"loc":{"start":{"line":25,"column":55},"end":{"line":25,"column":105}},"line":25},"1":{"name":"(anonymous_1)","decl":{"start":{"line":28,"column":49},"end":{"line":28,"column":50}},"loc":{"start":{"line":28,"column":55},"end":{"line":28,"column":105}},"line":28},"2":{"name":"getConfig","decl":{"start":{"line":41,"column":16},"end":{"line":41,"column":25}},"loc":{"start":{"line":41,"column":36},"end":{"line":49,"column":1}},"line":41}},"branchMap":{"0":{"loc":{"start":{"line":19,"column":0},"end":{"line":21,"column":1}},"type":"if","locations":[{"start":{"line":19,"column":0},"end":{"line":21,"column":1}},{"start":{},"end":{}}],"line":19},"1":{"loc":{"start":{"line":25,"column":21},"end":{"line":25,"column":108}},"type":"binary-expr","locations":[{"start":{"line":25,"column":21},"end":{"line":25,"column":44}},{"start":{"line":25,"column":48},"end":{"line":25,"column":108}}],"line":25},"2":{"loc":{"start":{"line":28,"column":21},"end":{"line":28,"column":108}},"type":"binary-expr","locations":[{"start":{"line":28,"column":21},"end":{"line":28,"column":44}},{"start":{"line":28,"column":48},"end":{"line":28,"column":108}}],"line":28},"3":{"loc":{"start":{"line":32,"column":0},"end":{"line":34,"column":1}},"type":"if","locations":[{"start":{"line":32,"column":0},"end":{"line":34,"column":1}},{"start":{},"end":{}}],"line":32},"4":{"loc":{"start":{"line":44,"column":4},"end":{"line":46,"column":5}},"type":"if","locations":[{"start":{"line":44,"column":4},"end":{"line":46,"column":5}},{"start":{},"end":{}}],"line":44}},"s":{"0":2,"1":2,"2":2,"3":0,"4":2,"5":0,"6":0,"7":2,"8":0,"9":4,"10":4,"11":0,"12":4},"f":{"0":0,"1":0,"2":4},"b":{"0":[0,2],"1":[2,0],"2":[2,0],"3":[0,2],"4":[0,4]},"_coverageSchema":"1a1c01bbd47fc00a2c39e90264f33305004495a9","hash":"fc4ff19a44373c03fddd040f969d6f1e9901d662"}
,"C:\\Users\\kateb\\Desktop\\Metergram-Repos\\BE-E2E-Accelerator\\util\\Errors.ts": {"path":"C:\\Users\\kateb\\Desktop\\Metergram-Repos\\BE-E2E-Accelerator\\util\\Errors.ts","statementMap":{"0":{"start":{"line":10,"column":22},"end":{"line":14,"column":1}},"1":{"start":{"line":12,"column":39},"end":{"line":12,"column":87}}},"fnMap":{"0":{"name":"(anonymous_0)","decl":{"start":{"line":12,"column":22},"end":{"line":12,"column":23}},"loc":{"start":{"line":12,"column":39},"end":{"line":12,"column":87}},"line":12}},"branchMap":{},"s":{"0":2,"1":0},"f":{"0":0},"b":{},"_coverageSchema":"1a1c01bbd47fc00a2c39e90264f33305004495a9","hash":"1cabeb9acf344ca629a48dc0e9d2955538c5fe1b"}
}
