TN:
SF:http\AuthClient.ts
FN:16,(anonymous_0)
FN:20,(anonymous_1)
FN:26,(anonymous_2)
FNF:3
FNH:3
FNDA:2,(anonymous_0)
FNDA:2,(anonymous_1)
FNDA:2,(anonymous_2)
DA:8,2
DA:11,2
DA:17,2
DA:23,2
DA:27,2
DA:28,2
DA:29,2
DA:31,2
DA:32,2
DA:33,2
DA:34,2
DA:37,0
DA:40,0
LF:13
LH:11
BRDA:31,0,0,2
BRDA:31,0,1,0
BRDA:40,1,0,0
BRDA:40,1,1,0
BRF:4
BRH:1
end_of_record
TN:
SF:http\BaseClient.ts
FN:17,(anonymous_0)
FN:33,(anonymous_1)
FN:53,(anonymous_2)
FN:69,(anonymous_3)
FN:78,(anonymous_4)
FN:88,(anonymous_5)
FN:98,(anonymous_6)
FN:113,(anonymous_7)
FNF:8
FNH:8
FNDA:2,(anonymous_0)
FNDA:29,(anonymous_1)
FNDA:8,(anonymous_2)
FNDA:12,(anonymous_3)
FNDA:4,(anonymous_4)
FNDA:2,(anonymous_5)
FNDA:3,(anonymous_6)
FNDA:4,(anonymous_7)
DA:18,2
DA:19,2
DA:20,2
DA:21,2
DA:34,29
DA:35,29
DA:37,4
DA:38,4
DA:39,4
DA:42,0
DA:54,8
DA:60,8
DA:70,12
DA:75,12
DA:79,4
DA:85,4
DA:89,2
DA:95,2
DA:99,3
DA:104,3
DA:114,4
LF:21
LH:20
BRDA:37,0,0,4
BRDA:37,0,1,0
BRDA:38,1,0,4
BRDA:38,1,1,0
BRF:4
BRH:2
end_of_record
TN:
SF:http\MetergramClient.ts
FN:18,(anonymous_0)
FNF:1
FNH:1
FNDA:2,(anonymous_0)
DA:19,2
DA:20,2
DA:21,2
DA:22,2
DA:23,2
LF:5
LH:5
BRF:0
BRH:0
end_of_record
TN:
SF:http\ProductService.ts
FN:14,(anonymous_0)
FN:20,(anonymous_1)
FN:24,(anonymous_2)
FN:29,(anonymous_3)
FN:37,(anonymous_4)
FN:41,(anonymous_5)
FN:45,(anonymous_6)
FN:49,(anonymous_7)
FN:53,(anonymous_8)
FN:63,(anonymous_9)
FN:73,(anonymous_10)
FN:83,(anonymous_11)
FN:87,(anonymous_12)
FNF:13
FNH:13
FNDA:6,(anonymous_0)
FNDA:2,(anonymous_1)
FNDA:2,(anonymous_2)
FNDA:1,(anonymous_3)
FNDA:3,(anonymous_4)
FNDA:2,(anonymous_5)
FNDA:3,(anonymous_6)
FNDA:1,(anonymous_7)
FNDA:3,(anonymous_8)
FNDA:3,(anonymous_9)
FNDA:3,(anonymous_10)
FNDA:3,(anonymous_11)
FNDA:2,(anonymous_12)
DA:15,6
DA:21,2
DA:25,2
DA:26,2
DA:30,1
DA:38,3
DA:42,2
DA:46,3
DA:50,1
DA:54,3
DA:55,2
DA:56,1
DA:57,1
DA:59,0
DA:64,3
DA:65,2
DA:66,1
DA:67,1
DA:69,0
DA:74,3
DA:75,2
DA:76,1
DA:77,1
DA:79,0
DA:84,3
DA:88,2
LF:26
LH:23
BRDA:54,0,0,2
BRDA:54,0,1,1
BRDA:56,1,0,1
BRDA:56,1,1,0
BRDA:64,2,0,2
BRDA:64,2,1,1
BRDA:66,3,0,1
BRDA:66,3,1,0
BRDA:74,4,0,2
BRDA:74,4,1,1
BRDA:76,5,0,1
BRDA:76,5,1,0
BRF:12
BRH:9
end_of_record
TN:
SF:http\UserService.ts
FN:10,(anonymous_0)
FN:14,(anonymous_1)
FNF:2
FNH:2
FNDA:2,(anonymous_0)
FNDA:3,(anonymous_1)
DA:11,2
DA:15,3
DA:16,2
DA:17,1
DA:18,1
DA:20,0
LF:6
LH:5
BRDA:15,0,0,2
BRDA:15,0,1,1
BRDA:17,1,0,1
BRDA:17,1,1,0
BRF:4
BRH:3
end_of_record
TN:
SF:model\post\PostProductRequestBodyImpl.ts
FN:4,(anonymous_0)
FN:12,(anonymous_1)
FN:22,(anonymous_2)
FN:31,(anonymous_3)
FNF:4
FNH:4
FNDA:4,(anonymous_0)
FNDA:12,(anonymous_1)
FNDA:4,(anonymous_2)
FNDA:4,(anonymous_3)
LF:0
LH:0
BRF:0
BRH:0
end_of_record
TN:
SF:model\post\PostProductRequestBodyInvalidImpl.ts
FN:4,(anonymous_0)
FN:12,(anonymous_1)
FN:22,(anonymous_2)
FN:31,(anonymous_3)
FNF:4
FNH:4
FNDA:2,(anonymous_0)
FNDA:4,(anonymous_1)
FNDA:2,(anonymous_2)
FNDA:2,(anonymous_3)
LF:0
LH:0
BRF:0
BRH:0
end_of_record
TN:
SF:model\post\PostUserRequestBodyImpl.ts
FN:8,(anonymous_0)
FNF:1
FNH:1
FNDA:4,(anonymous_0)
DA:9,4
DA:10,4
DA:11,4
LF:3
LH:3
BRF:0
BRH:0
end_of_record
TN:
SF:model\post\PostUserRequestBodyInvalid.ts
FN:8,(anonymous_0)
FNF:1
FNH:1
FNDA:2,(anonymous_0)
DA:9,2
DA:10,2
DA:11,2
LF:3
LH:3
BRF:0
BRH:0
end_of_record
TN:
SF:model\put\PutProductRequestBodyImpl.ts
FN:4,(anonymous_0)
FN:12,(anonymous_1)
FN:22,(anonymous_2)
FN:31,(anonymous_3)
FNF:4
FNH:4
FNDA:4,(anonymous_0)
FNDA:12,(anonymous_1)
FNDA:4,(anonymous_2)
FNDA:4,(anonymous_3)
LF:0
LH:0
BRF:0
BRH:0
end_of_record
TN:
SF:model\put\PutProductRequestBodyInvalid.ts
FN:4,(anonymous_0)
FN:12,(anonymous_1)
FN:22,(anonymous_2)
FN:31,(anonymous_3)
FNF:4
FNH:4
FNDA:2,(anonymous_0)
FNDA:4,(anonymous_1)
FNDA:2,(anonymous_2)
FNDA:2,(anonymous_3)
LF:0
LH:0
BRF:0
BRH:0
end_of_record
TN:
SF:payloads\ProductPredefinedPayloads.ts
FNF:0
FNH:0
DA:29,2
DA:80,2
DA:131,2
DA:139,2
DA:171,2
DA:179,2
DA:211,2
DA:218,2
DA:269,2
LF:9
LH:9
BRF:0
BRH:0
end_of_record
TN:
SF:payloads\UserPredefinedPayloads.ts
FNF:0
FNH:0
DA:5,2
DA:9,2
DA:13,2
LF:3
LH:3
BRF:0
BRH:0
end_of_record
TN:
SF:util\Config.ts
FN:25,(anonymous_0)
FN:28,(anonymous_1)
FN:41,getConfig
FNF:3
FNH:1
FNDA:0,(anonymous_0)
FNDA:0,(anonymous_1)
FNDA:4,getConfig
DA:4,2
DA:18,2
DA:19,2
DA:20,0
DA:23,2
DA:25,0
DA:28,0
DA:32,2
DA:33,0
DA:42,4
DA:44,4
DA:45,0
DA:48,4
LF:13
LH:8
BRDA:19,0,0,0
BRDA:19,0,1,2
BRDA:25,1,0,2
BRDA:25,1,1,0
BRDA:28,2,0,2
BRDA:28,2,1,0
BRDA:32,3,0,0
BRDA:32,3,1,2
BRDA:44,4,0,0
BRDA:44,4,1,4
BRF:10
BRH:5
end_of_record
TN:
SF:util\Errors.ts
FN:12,(anonymous_0)
FNF:1
FNH:0
FNDA:0,(anonymous_0)
DA:10,2
DA:12,0
LF:2
LH:1
BRF:0
BRH:0
end_of_record
