TN:
SF:http\BaseClient.ts
FN:17,(anonymous_0)
FN:33,(anonymous_1)
FN:53,(anonymous_2)
FN:69,(anonymous_3)
FN:84,(anonymous_4)
FNF:5
FNH:3
FNDA:1,(anonymous_0)
FNDA:3,(anonymous_1)
FNDA:0,(anonymous_2)
FNDA:3,(anonymous_3)
FNDA:0,(anonymous_4)
DA:18,1
DA:19,1
DA:20,1
DA:21,1
DA:34,3
DA:35,3
DA:37,0
DA:38,0
DA:39,0
DA:42,0
DA:54,0
DA:60,0
DA:70,3
DA:75,3
DA:85,0
LF:15
LH:8
BRDA:37,0,0,0
BRDA:37,0,1,0
BRDA:38,1,0,0
BRDA:38,1,1,0
BRF:4
BRH:0
end_of_record
TN:
SF:http\MetergramClient.ts
FN:25,(anonymous_0)
FN:36,(anonymous_1)
FN:40,(anonymous_2)
FN:44,(anonymous_3)
FN:48,(anonymous_4)
FN:71,(anonymous_5)
FNF:6
FNH:4
FNDA:1,(anonymous_0)
FNDA:1,(anonymous_1)
FNDA:1,(anonymous_2)
FNDA:1,(anonymous_3)
FNDA:0,(anonymous_4)
FNDA:0,(anonymous_5)
DA:13,1
DA:16,1
DA:26,1
DA:27,1
DA:28,1
DA:37,1
DA:41,1
DA:45,1
DA:49,0
DA:50,0
DA:52,0
DA:54,0
DA:55,0
DA:56,0
DA:57,0
DA:59,0
DA:62,0
DA:72,0
LF:18
LH:8
BRDA:54,0,0,0
BRDA:54,0,1,0
BRDA:62,1,0,0
BRDA:62,1,1,0
BRF:4
BRH:0
end_of_record
TN:
SF:util\Config.ts
FN:25,(anonymous_0)
FN:28,(anonymous_1)
FN:41,getConfig
FNF:3
FNH:1
FNDA:0,(anonymous_0)
FNDA:0,(anonymous_1)
FNDA:2,getConfig
DA:4,1
DA:18,1
DA:19,1
DA:20,0
DA:23,1
DA:25,0
DA:28,0
DA:32,1
DA:33,0
DA:42,2
DA:44,2
DA:45,0
DA:48,2
LF:13
LH:8
BRDA:19,0,0,0
BRDA:19,0,1,1
BRDA:25,1,0,1
BRDA:25,1,1,0
BRDA:28,2,0,1
BRDA:28,2,1,0
BRDA:32,3,0,0
BRDA:32,3,1,1
BRDA:44,4,0,0
BRDA:44,4,1,2
BRF:10
BRH:5
end_of_record
TN:
SF:util\Errors.ts
FN:12,(anonymous_0)
FNF:1
FNH:0
FNDA:0,(anonymous_0)
DA:10,1
DA:12,0
LF:2
LH:1
BRF:0
BRH:0
end_of_record
